<?xml version="1.0" encoding="UTF-8"?>
<testng-results skipped="0" failed="0" ignored="0" total="6" passed="6">
  <reporter-output>
  </reporter-output>
  <suite name="Suite" duration-ms="40" started-at="2021-08-21T18:44:06 IST" finished-at="2021-08-21T18:44:06 IST">
    <groups>
    </groups>
    <test name="Test" duration-ms="40" started-at="2021-08-21T18:44:06 IST" finished-at="2021-08-21T18:44:06 IST">
      <class name="qaclickacademy.Mavenjava.AppiumTest">
        <test-method status="PASS" signature="IOSApps()[pri:0, instance:qaclickacademy.Mavenjava.AppiumTest@30b8a058]" name="IOSApps" duration-ms="1" started-at="2021-08-21T18:44:06 IST" finished-at="2021-08-21T18:44:06 IST">
          <reporter-output>
          </reporter-output>
        </test-method> <!-- IOSApps -->
        <test-method status="PASS" signature="NativeAppAndroid()[pri:0, instance:qaclickacademy.Mavenjava.AppiumTest@30b8a058]" name="NativeAppAndroid" duration-ms="1" started-at="2021-08-21T18:44:06 IST" finished-at="2021-08-21T18:44:06 IST">
          <reporter-output>
          </reporter-output>
        </test-method> <!-- NativeAppAndroid -->
      </class> <!-- qaclickacademy.Mavenjava.AppiumTest -->
      <class name="qaclickacademy.Mavenjava.RESTAPITest">
        <test-method status="PASS" signature="deleteTwitter()[pri:0, instance:qaclickacademy.Mavenjava.RESTAPITest@3a883ce7]" name="deleteTwitter" duration-ms="2" started-at="2021-08-21T18:44:06 IST" finished-at="2021-08-21T18:44:06 IST">
          <reporter-output>
          </reporter-output>
        </test-method> <!-- deleteTwitter -->
        <test-method status="PASS" signature="postJira()[pri:0, instance:qaclickacademy.Mavenjava.RESTAPITest@3a883ce7]" name="postJira" duration-ms="0" started-at="2021-08-21T18:44:06 IST" finished-at="2021-08-21T18:44:06 IST">
          <reporter-output>
          </reporter-output>
        </test-method> <!-- postJira -->
      </class> <!-- qaclickacademy.Mavenjava.RESTAPITest -->
      <class name="qaclickacademy.Mavenjava.SeleniumTest">
        <test-method status="PASS" signature="BrowserAutomation()[pri:0, instance:qaclickacademy.Mavenjava.SeleniumTest@7494e528]" name="BrowserAutomation" duration-ms="0" started-at="2021-08-21T18:44:06 IST" finished-at="2021-08-21T18:44:06 IST">
          <reporter-output>
          </reporter-output>
        </test-method> <!-- BrowserAutomation -->
        <test-method status="PASS" signature="elementsUI()[pri:0, instance:qaclickacademy.Mavenjava.SeleniumTest@7494e528]" name="elementsUI" duration-ms="1" started-at="2021-08-21T18:44:06 IST" finished-at="2021-08-21T18:44:06 IST">
          <reporter-output>
          </reporter-output>
        </test-method> <!-- elementsUI -->
      </class> <!-- qaclickacademy.Mavenjava.SeleniumTest -->
    </test> <!-- Test -->
  </suite> <!-- Suite -->
</testng-results>
